<?xml version="1.0" encoding="UTF-8"?>
<testsuite xmlns:xsi="http://www.w3.org/2001/XMLSchema-instance" xsi:noNamespaceSchemaLocation="https://maven.apache.org/surefire/maven-surefire-plugin/xsd/surefire-test-report.xsd" name="com.ashitha.nashtechhomework.samplepatterncall.PatternCallHandlerTest" time="0" tests="8" errors="0" skipped="0" failures="0">
  <properties>
[...]
</properties>
  <testcase name="testGetCalledPatterns" classname="com.ashitha.nashtechhomework.samplepatterncall.PatternCallHandlerTest" time="0"/>
  <testcase name="testGetPatternCallsByName_NoMatch" classname="com.ashitha.nashtechhomework.samplepatterncall.PatternCallHandlerTest" time="0"/>
  <testcase name="testGetPatternCallsByFilePath" classname="com.ashitha.nashtechhomework.samplepatterncall.PatternCallHandlerTest" time="0"/>
  <testcase name="testGetPatternCallById" classname="com.ashitha.nashtechhomework.samplepatterncall.PatternCallHandlerTest" time="0"/>
  <testcase name="testGetSkippedPatterns" classname="com.ashitha.nashtechhomework.samplepatterncall.PatternCallHandlerTest" time="0"/>
  <testcase name="testGetPatternCallsByFilePath_NoMatch" classname="com.ashitha.nashtechhomework.samplepatterncall.PatternCallHandlerTest" time="0"/>
  <testcase name="testGetPatternCallsByName" classname="com.ashitha.nashtechhomework.samplepatterncall.PatternCallHandlerTest" time="0"/>
  <testcase name="testAddPatternCall" classname="com.ashitha.nashtechhomework.samplepatterncall.PatternCallHandlerTest" time="0"/>
</testsuite>